
****** PlanAhead v14.7 (64-bit)
  **** Build 321239 by xbuild on Fri Sep 27 19:24:36 MDT 2013
    ** Copyright 1986-1999, 2001-2013 Xilinx, Inc. All Rights Reserved.

INFO: [Common 17-78] Attempting to get a license: PlanAhead
INFO: [Common 17-290] Got license for PlanAhead
INFO: [Device 21-36] Loading parts and site information from /opt/Xilinx/14.7/ISE_DS/PlanAhead/data/parts/arch.xml
Parsing RTL primitives file [/opt/Xilinx/14.7/ISE_DS/PlanAhead/data/parts/xilinx/rtl/prims/rtl_prims.xml]
Finished parsing RTL primitives file [/opt/Xilinx/14.7/ISE_DS/PlanAhead/data/parts/xilinx/rtl/prims/rtl_prims.xml]
start_gui
source /home/whyzotee/Desktop/BCDto7Segment/pa.fromHdl.tcl
# create_project -name BCDto7Segment -dir "/home/whyzotee/Desktop/BCDto7Segment/planAhead_run_2" -part xc6slx9tqg144-3
# set_param project.pinAheadLayout yes
# set srcset [get_property srcset [current_run -impl]]
# set_property target_constrs_file "BCDto7SegDecoder.ucf" [current_fileset -constrset]
Adding file '/home/whyzotee/Desktop/BCDto7Segment/BCDto7SegDecoder.ucf' to fileset 'constrs_1'
# set hdlfile [add_files [list {BCDto7SegDecoder.vf}]]
# set_property file_type Verilog $hdlfile
# set_property library work $hdlfile
# set_property top BCDto7SegDecoder $srcset
# add_files [list {BCDto7SegDecoder.ucf}] -fileset [get_property constrset [current_run]]
# open_rtl_design -part xc6slx9tqg144-3
Using Verific elaboration
Parsing VHDL file "/opt/Xilinx/14.7/ISE_DS/PlanAhead/data/parts/xilinx/rtl/lib/synplify/synattr.vhd" into library synplify
Analyzing Verilog file "/home/whyzotee/Desktop/BCDto7Segment/BCDto7SegDecoder.vf" into library work
Loading clock regions from /opt/Xilinx/14.7/ISE_DS/PlanAhead/data/parts/xilinx/spartan6/spartan6lx/xc6slx9/ClockRegion.xml
Loading clock buffers from /opt/Xilinx/14.7/ISE_DS/PlanAhead/data/parts/xilinx/spartan6/spartan6lx/xc6slx9/ClockBuffers.xml
Loading package pin functions from /opt/Xilinx/14.7/ISE_DS/PlanAhead/data/parts/xilinx/spartan6/PinFunctions.xml...
Loading package from /opt/Xilinx/14.7/ISE_DS/PlanAhead/data/parts/xilinx/spartan6/spartan6lx/xc6slx9/tqg144/Package.xml
Loading io standards from /opt/Xilinx/14.7/ISE_DS/PlanAhead/data/./parts/xilinx/spartan6/IOStandards.xml
Loading device configuration modes from /opt/Xilinx/14.7/ISE_DS/PlanAhead/data/parts/xilinx/spartan6/ConfigModes.xml
Loading list of drcs for the architecture : /opt/Xilinx/14.7/ISE_DS/PlanAhead/data/./parts/xilinx/spartan6/drc.xml
Parsing UCF File [/home/whyzotee/Desktop/BCDto7Segment/BCDto7SegDecoder.ucf]
Finished Parsing UCF File [/home/whyzotee/Desktop/BCDto7Segment/BCDto7SegDecoder.ucf]
INFO: [Project 1-111] Unisim Transformation Summary:
No Unisim elements were transformed.

Phase 0 | Netlist Checksum: 42ca72e7
open_rtl_design: Time (s): cpu = 00:00:12 ; elapsed = 00:00:06 . Memory (MB): peak = 2943.051 ; gain = 168.332
update_compile_order -fileset sim_1
startgroup
set_property package_pin P41 [get_ports A_7SEG]
endgroup
startgroup
set_property package_pin P40 [get_ports B_7SEG]
endgroup
startgroup
set_property package_pin P35 [get_ports C_7SEG]
endgroup
startgroup
set_property package_pin P34 [get_ports D_7SEG]
endgroup
startgroup
set_property package_pin P32 [get_ports E_7SEG]
endgroup
startgroup
set_property package_pin P29 [get_ports F_7SEG]
endgroup
startgroup
set_property package_pin P27 [get_ports G_7SEG]
endgroup
startgroup
set_property package_pin P59 [get_ports Input_A]
endgroup
startgroup
set_property package_pin P61 [get_ports Input_B]
endgroup
startgroup
set_property package_pin P62 [get_ports Input_C]
endgroup
startgroup
set_property package_pin P66 [get_ports Input_D]
endgroup
save_constraints
exit
ERROR: [Common 17-39] 'stop_gui' failed due to earlier errors.
INFO: [Common 17-206] Exiting PlanAhead at Tue Jul 30 10:58:22 2024...
INFO: [Common 17-83] Releasing license: PlanAhead
