--------------------------------------------------------------------------------
Release 14.7 Trace  (lin64)
Copyright (c) 1995-2013 Xilinx, Inc.  All rights reserved.

/opt/Xilinx/14.7/ISE_DS/ISE/bin/lin64/unwrapped/trce -intstyle ise -v 3 -s 3 -n
3 -fastpaths -xml BCDto7SegDecoder.twx BCDto7SegDecoder.ncd -o
BCDto7SegDecoder.twr BCDto7SegDecoder.pcf -ucf BCDto7SegDecoder.ucf

Design file:              BCDto7SegDecoder.ncd
Physical constraint file: BCDto7SegDecoder.pcf
Device,package,speed:     xc6slx9,tqg144,C,-3 (PRODUCTION 1.23 2013-10-13)
Report level:             verbose report

Environment Variable      Effect 
--------------------      ------ 
NONE                      No environment variables were set
--------------------------------------------------------------------------------

INFO:Timing:2698 - No timing constraints found, doing default enumeration.
INFO:Timing:3412 - To improve timing, see the Timing Closure User Guide (UG612).
INFO:Timing:2752 - To get complete path coverage, use the unconstrained paths 
   option. All paths that are not constrained will be reported in the 
   unconstrained paths section(s) of the report.
INFO:Timing:3339 - The clock-to-out numbers in this timing report are based on 
   a 50 Ohm transmission line loading model.  For the details of this model, 
   and for more information on accounting for different loading conditions, 
   please see the device datasheet.



Data Sheet report:
-----------------
All values displayed in nanoseconds (ns)

Pad to Pad
---------------+---------------+---------+
Source Pad     |Destination Pad|  Delay  |
---------------+---------------+---------+
Input_A        |A_7SEG         |    7.270|
Input_A        |B_7SEG         |    7.682|
Input_A        |C_7SEG         |    7.324|
Input_A        |D_7SEG         |    7.445|
Input_A        |E_7SEG         |    7.588|
Input_A        |F_7SEG         |    8.640|
Input_A        |G_7SEG         |    9.025|
Input_B        |A_7SEG         |    7.736|
Input_B        |B_7SEG         |    7.738|
Input_B        |C_7SEG         |    7.274|
Input_B        |D_7SEG         |    7.445|
Input_B        |E_7SEG         |    7.470|
Input_B        |F_7SEG         |    8.680|
Input_B        |G_7SEG         |    8.692|
Input_C        |A_7SEG         |    7.646|
Input_C        |B_7SEG         |    7.574|
Input_C        |C_7SEG         |    7.801|
Input_C        |D_7SEG         |    7.487|
Input_C        |E_7SEG         |    7.756|
Input_C        |F_7SEG         |    8.544|
Input_C        |G_7SEG         |    8.470|
Input_D        |A_7SEG         |    7.154|
Input_D        |B_7SEG         |    7.881|
Input_D        |C_7SEG         |    7.356|
Input_D        |D_7SEG         |    7.321|
Input_D        |E_7SEG         |    7.763|
Input_D        |F_7SEG         |    8.143|
Input_D        |G_7SEG         |    8.386|
---------------+---------------+---------+


Analysis completed Wed Jul 31 12:48:57 2024 
--------------------------------------------------------------------------------

Trace Settings:
-------------------------
Trace Settings 

Peak Memory Usage: 369 MB



