
****** PlanAhead v14.7 (64-bit)
  **** Build 321239 by xbuild on Fri Sep 27 19:24:36 MDT 2013
    ** Copyright 1986-1999, 2001-2013 Xilinx, Inc. All Rights Reserved.

INFO: [Common 17-78] Attempting to get a license: PlanAhead
INFO: [Common 17-290] Got license for PlanAhead
INFO: [Device 21-36] Loading parts and site information from /opt/Xilinx/14.7/ISE_DS/PlanAhead/data/parts/arch.xml
Parsing RTL primitives file [/opt/Xilinx/14.7/ISE_DS/PlanAhead/data/parts/xilinx/rtl/prims/rtl_prims.xml]
Finished parsing RTL primitives file [/opt/Xilinx/14.7/ISE_DS/PlanAhead/data/parts/xilinx/rtl/prims/rtl_prims.xml]
start_gui
source /home/whyzotee/Desktop/Lab6/pa.fromHdl.tcl
# create_project -name Lab6 -dir "/home/whyzotee/Desktop/Lab6/planAhead_run_1" -part xc6slx9tqg144-3
# set_param project.pinAheadLayout yes
# set srcset [get_property srcset [current_run -impl]]
# set_property target_constrs_file "Lab6.ucf" [current_fileset -constrset]
Adding file '/home/whyzotee/Desktop/Lab6/Lab6.ucf' to fileset 'constrs_1'
# set hdlfile [add_files [list {Count10.vf}]]
# set_property file_type Verilog $hdlfile
# set_property library work $hdlfile
# set hdlfile [add_files [list {BCDtoSegment.vf}]]
# set_property file_type Verilog $hdlfile
# set_property library work $hdlfile
# set hdlfile [add_files [list {mod2.vf}]]
# set_property file_type Verilog $hdlfile
# set_property library work $hdlfile
# set hdlfile [add_files [list {Lab6.vf}]]
# set_property file_type Verilog $hdlfile
# set_property library work $hdlfile
# set_property top Lab6 $srcset
# add_files [list {Lab6.ucf}] -fileset [get_property constrset [current_run]]
# open_rtl_design -part xc6slx9tqg144-3
Using Verific elaboration
Parsing VHDL file "/opt/Xilinx/14.7/ISE_DS/PlanAhead/data/parts/xilinx/rtl/lib/synplify/synattr.vhd" into library synplify
Analyzing Verilog file "/home/whyzotee/Desktop/Lab6/mod2.vf" into library work
Analyzing Verilog file "/home/whyzotee/Desktop/Lab6/Lab6.vf" into library work
Loading clock regions from /opt/Xilinx/14.7/ISE_DS/PlanAhead/data/parts/xilinx/spartan6/spartan6lx/xc6slx9/ClockRegion.xml
Loading clock buffers from /opt/Xilinx/14.7/ISE_DS/PlanAhead/data/parts/xilinx/spartan6/spartan6lx/xc6slx9/ClockBuffers.xml
Loading package pin functions from /opt/Xilinx/14.7/ISE_DS/PlanAhead/data/parts/xilinx/spartan6/PinFunctions.xml...
Loading package from /opt/Xilinx/14.7/ISE_DS/PlanAhead/data/parts/xilinx/spartan6/spartan6lx/xc6slx9/tqg144/Package.xml
Loading io standards from /opt/Xilinx/14.7/ISE_DS/PlanAhead/data/./parts/xilinx/spartan6/IOStandards.xml
Loading device configuration modes from /opt/Xilinx/14.7/ISE_DS/PlanAhead/data/parts/xilinx/spartan6/ConfigModes.xml
Loading list of drcs for the architecture : /opt/Xilinx/14.7/ISE_DS/PlanAhead/data/./parts/xilinx/spartan6/drc.xml
Parsing UCF File [/home/whyzotee/Desktop/Lab6/Lab6.ucf]
Finished Parsing UCF File [/home/whyzotee/Desktop/Lab6/Lab6.ucf]
INFO: [Project 1-111] Unisim Transformation Summary:
No Unisim elements were transformed.

Phase 0 | Netlist Checksum: 08e75bbc
open_rtl_design: Time (s): cpu = 00:00:12 ; elapsed = 00:00:06 . Memory (MB): peak = 2936.836 ; gain = 165.277
update_compile_order -fileset sim_1
startgroup
set_property package_pin P27 [get_ports P27]
endgroup
startgroup
set_property package_pin P29 [get_ports P29]
endgroup
startgroup
set_property package_pin P30 [get_ports P30]
endgroup
startgroup
set_property package_pin P32 [get_ports P32]
endgroup
startgroup
set_property package_pin P33 [get_ports P33]
endgroup
startgroup
set_property package_pin P34 [get_ports P34]
endgroup
startgroup
set_property package_pin P35 [get_ports P35]
endgroup
startgroup
set_property package_pin P40 [get_ports P40]
endgroup
startgroup
set_property package_pin P41 [get_ports P41]
endgroup
startgroup
set_property package_pin P43 [get_ports P43]
endgroup
startgroup
set_property package_pin P44 [get_ports P44]
endgroup
startgroup
set_property package_pin P123 [get_ports P123]
endgroup
startgroup
set_property package_pin P45 [get_ports PB1_P45]
endgroup
save_constraints
exit
ERROR: [Common 17-39] 'stop_gui' failed due to earlier errors.
INFO: [Common 17-206] Exiting PlanAhead at Fri Aug 16 20:21:27 2024...
INFO: [Common 17-83] Releasing license: PlanAhead
